<?xml version="1.0" encoding="UTF-8" ?>
<testsuite errors="0" skipped="3" tests="5" time="3.992" failures="0" name="eu.etaxonomy.cdm.api.service.TermServiceImplTest">
  <properties>
    <property value="Apple Computer, Inc." name="java.vendor"/>
    <property value="/Users/nho/.m2/repository" name="localRepository"/>
    <property value="SUN_STANDARD" name="sun.java.launcher"/>
    <property value="jdbc:mysql://192.168.2.10/cdm_test_lib" name="hibernate.connection.url"/>
    <property value="HotSpot Client Compiler" name="sun.management.compiler"/>
    <property value="41f280" name="env.SECURITYSESSIONID"/>
    <property value="Mac OS X" name="os.name"/>
    <property value="/System/Library/Frameworks/JavaVM.framework/Versions/1.5.0/Classes/classes.jar:/System/Library/Frameworks/JavaVM.framework/Versions/1.5.0/Classes/ui.jar:/System/Library/Frameworks/JavaVM.framework/Versions/1.5.0/Classes/laf.jar:/System/Library/Frameworks/JavaVM.framework/Versions/1.5.0/Classes/sunrsasign.jar:/System/Library/Frameworks/JavaVM.framework/Versions/1.5.0/Classes/jsse.jar:/System/Library/Frameworks/JavaVM.framework/Versions/1.5.0/Classes/jce.jar:/System/Library/Frameworks/JavaVM.framework/Versions/1.5.0/Classes/charsets.jar" name="sun.boot.class.path"/>
    <property value="/Users/nho/Documents/EDIT/cdmlib" name="env.PWD"/>
    <property value="Sun Microsystems Inc." name="java.vm.specification.vendor"/>
    <property value="1.5.0_13-b05-241" name="java.runtime.version"/>
    <property value="org.codehaus.classworlds.Launcher" name="env.JAVA_MAIN_CLASS_738"/>
    <property value="nho" name="user.name"/>
    <property value="nho" name="env.USER"/>
    <property value="/bin/bash" name="env.SHELL"/>
    <property value="0x1F5:0:3" name="env.__CF_USER_TEXT_ENCODING"/>
    <property value="true" name="awt.nativeDoubleBuffering"/>
    <property value="/opt/local/bin:/opt/local/sbin:/bin:/sbin:/usr/bin:/usr/sbin" name="env.PATH"/>
    <property value="de" name="user.language"/>
    <property value="/System/Library/Frameworks/JavaVM.framework/Versions/1.5.0/Libraries" name="sun.boot.library.path"/>
    <property value="/opt/local/share/java/maven2/bin/m2.conf" name="classworlds.conf"/>
    <property value="1.5.0_13" name="java.version"/>
    <property value="Europe/Berlin" name="user.timezone"/>
    <property value="32" name="sun.arch.data.model"/>
    <property value="/System/Library/Frameworks/JavaVM.framework/Versions/1.5.0/Home/lib/endorsed" name="java.endorsed.dirs"/>
    <property value="" name="sun.cpu.isalist"/>
    <property value="MacRoman" name="sun.jnu.encoding"/>
    <property value="sun.io" name="file.encoding.pkg"/>
    <property value="1" name="env.SHLVL"/>
    <property value="/" name="file.separator"/>
    <property value="Java Platform API Specification" name="java.specification.name"/>
    <property value="49.0" name="java.class.version"/>
    <property value="DE" name="user.country"/>
    <property value="/System/Library/Frameworks/JavaVM.framework/Versions/1.5.0/Home" name="java.home"/>
    <property value="mixed mode, sharing" name="java.vm.info"/>
    <property value="nho" name="env.LOGNAME"/>
    <property value="10.4.11" name="os.version"/>
    <property value="133-1" name="env.TERM_PROGRAM_VERSION"/>
    <property value=":" name="path.separator"/>
    <property value="1.5.0_13-121" name="java.vm.version"/>
    <property value="wp5" name="hibernate.connection.password"/>
    <property value="apple.awt.CPrinterJob" name="java.awt.printerjob"/>
    <property value="xterm-color" name="env.TERM"/>
    <property value="UnicodeLittle" name="sun.io.unicode.encoding"/>
    <property value="apple.awt.CToolkit" name="awt.toolkit"/>
    <property value="edit" name="hibernate.connection.username"/>
    <property value="/Users/nho" name="user.home"/>
    <property value="/Users/nho/Documents/EDIT/cdmlib" name="env.OLDPWD"/>
    <property value="Sun Microsystems Inc." name="java.specification.vendor"/>
    <property value="Apple_Terminal" name="env.TERM_PROGRAM"/>
    <property value=".:/Library/Java/Extensions:/System/Library/Java/Extensions:/usr/lib/java" name="java.library.path"/>
    <property value="http://apple.com/" name="java.vendor.url"/>
    <property value="com.mysql.jdbc.Driver" name="hibernate.connection.driver_class"/>
    <property value="&quot;Apple Computer, Inc.&quot;" name="java.vm.vendor"/>
    <property value="false" name="gopherProxySet"/>
    <property value="/opt/local/share/java/maven2" name="maven.home"/>
    <property value="Java(TM) 2 Runtime Environment, Standard Edition" name="java.runtime.name"/>
    <property value="/opt/local/share/java/maven2/boot/classworlds-1.1.jar:/System/Library/Frameworks/JavaVM.framework/Versions/1.5.0/Classes/.compatibility/14compatibility.jar" name="java.class.path"/>
    <property value="Java Virtual Machine Specification" name="java.vm.specification.name"/>
    <property value="1.0" name="java.vm.specification.version"/>
    <property value="little" name="sun.cpu.endian"/>
    <property value="unknown" name="sun.os.patch.level"/>
    <property value="/Users/nho" name="env.HOME"/>
    <property value="/Users/nho/Documents/EDIT/cdmlib/cdmlib-services/target/test-classes:/Users/nho/Documents/EDIT/cdmlib/cdmlib-services/target/classes:/Users/nho/Documents/EDIT/cdmlib/cdmlib-persistence/target/cdmlib-persistence-1.3.jar:/Users/nho/Documents/EDIT/cdmlib/cdmlib-model/target/cdmlib-model-1.3.jar:/Users/nho/Documents/EDIT/cdmlib/cdmlib-commons/target/cdmlib-commons-1.3.jar:/Users/nho/.m2/repository/org/springframework/spring-test/2.5/spring-test-2.5.jar:/Users/nho/.m2/repository/commons-logging/commons-logging/1.1/commons-logging-1.1.jar:/Users/nho/.m2/repository/junit/junit/4.4/junit-4.4.jar:/Users/nho/.m2/repository/jdom/jdom/1.0/jdom-1.0.jar:/Users/nho/.m2/repository/org/devlib/schmidt/imageinfo/1.7/imageinfo-1.7.jar:/Users/nho/.m2/repository/log4j/log4j/1.2.15/log4j-1.2.15.jar:/Users/nho/.m2/repository/javax/mail/mail/1.4/mail-1.4.jar:/Users/nho/.m2/repository/javax/activation/activation/1.1/activation-1.1.jar:/Users/nho/.m2/repository/javax/jms/jms/1.1/jms-1.1.jar:/Users/nho/.m2/repository/com/sun/jdmk/jmxtools/1.2.1/jmxtools-1.2.1.jar:/Users/nho/.m2/repository/com/sun/jmx/jmxri/1.2.1/jmxri-1.2.1.jar:/Users/nho/.m2/repository/javax/xml/bind/jaxb-api/2.0/jaxb-api-2.0.jar:/Users/nho/.m2/repository/javax/xml/bind/jsr173_api/1.0/jsr173_api-1.0.jar:/Users/nho/.m2/repository/xml-resolver/xml-resolver/1.2/xml-resolver-1.2.jar:/Users/nho/.m2/repository/com/sun/xml/bind/jaxb-impl/2.0/jaxb-impl-2.0.jar:/Users/nho/.m2/repository/com/sun/xml/bind/jaxb1-impl/2.0/jaxb1-impl-2.0.jar:/Users/nho/.m2/repository/com/sun/xml/bind/jaxb-xjc/2.0/jaxb-xjc-2.0.jar:/Users/nho/.m2/repository/aspectj/aspectjrt/1.5.2a/aspectjrt-1.5.2a.jar:/Users/nho/.m2/repository/org/hibernate/hibernate-annotations/3.3.0.ga/hibernate-annotations-3.3.0.ga.jar:/Users/nho/.m2/repository/org/hibernate/hibernate/3.2.5.ga/hibernate-3.2.5.ga.jar:/Users/nho/.m2/repository/net/sf/ehcache/ehcache/1.2.3/ehcache-1.2.3.jar:/Users/nho/.m2/repository/commons-collections/commons-collections/3.2/commons-collections-3.2.jar:/Users/nho/.m2/repository/javax/transaction/jta/1.0.1B/jta-1.0.1B.jar:/Users/nho/.m2/repository/asm/asm-attrs/1.5.3/asm-attrs-1.5.3.jar:/Users/nho/.m2/repository/dom4j/dom4j/1.6.1/dom4j-1.6.1.jar:/Users/nho/.m2/repository/antlr/antlr/2.7.6/antlr-2.7.6.jar:/Users/nho/.m2/repository/cglib/cglib/2.1_3/cglib-2.1_3.jar:/Users/nho/.m2/repository/asm/asm/1.5.3/asm-1.5.3.jar:/Users/nho/.m2/repository/javax/persistence/persistence-api/1.0/persistence-api-1.0.jar:/Users/nho/.m2/repository/org/springframework/spring-jdbc/2.5/spring-jdbc-2.5.jar:/Users/nho/.m2/repository/org/springframework/spring-beans/2.5/spring-beans-2.5.jar:/Users/nho/.m2/repository/org/springframework/spring-core/2.5/spring-core-2.5.jar:/Users/nho/.m2/repository/org/springframework/spring-context/2.5/spring-context-2.5.jar:/Users/nho/.m2/repository/aopalliance/aopalliance/1.0/aopalliance-1.0.jar:/Users/nho/.m2/repository/org/springframework/spring-tx/2.5/spring-tx-2.5.jar:/Users/nho/.m2/repository/net/sf/opencsv/opencsv/1.8/opencsv-1.8.jar:/Users/nho/.m2/repository/joda-time/joda-time/1.5/joda-time-1.5.jar:/Users/nho/.m2/repository/joda-time/joda-time-hibernate/1.0/joda-time-hibernate-1.0.jar:/Users/nho/.m2/repository/commons-logging/commons-logging-api/1.0.4/commons-logging-api-1.0.4.jar:/Users/nho/.m2/repository/hsqldb/hsqldb/1.8.0.7/hsqldb-1.8.0.7.jar:/Users/nho/.m2/repository/xml-apis/xml-apis/2.0.2/xml-apis-2.0.2.jar:/Users/nho/.m2/repository/javax/persistence/ejb/3/ejb-3.jar:/Users/nho/.m2/repository/javax/annotation/jsr250-api/1.0/jsr250-api-1.0.jar:/Users/nho/.m2/repository/org/hibernate/hibernate-commons-annotations/3.3.0.ga/hibernate-commons-annotations-3.3.0.ga.jar:/Users/nho/.m2/repository/org/springframework/spring/2.5/spring-2.5.jar:/Users/nho/.m2/repository/org/springframework/spring-orm/2.5/spring-orm-2.5.jar:/Users/nho/.m2/repository/mysql/mysql-connector-java/5.0.5/mysql-connector-java-5.0.5.jar:/Users/nho/.m2/repository/postgresql/postgresql/8.2-504.jdbc4/postgresql-8.2-504.jdbc4.jar:/Users/nho/.m2/repository/net/sourceforge/jtds/jtds/1.2.2/jtds-1.2.2.jar:/Users/nho/.m2/repository/com/microsoft/jdbcdriver/mssqlserver/2000.3/mssqlserver-2000.3.jar:/Users/nho/.m2/repository/com/microsoft/jdbcdriver/msutil/2000.3/msutil-2000.3.jar:/Users/nho/.m2/repository/com/microsoft/jdbcdriver/msbase/2000.3/msbase-2000.3.jar:/Users/nho/.m2/repository/com/microsoft/sqlserver/jdbc/1.2/jdbc-1.2.jar:/Users/nho/.m2/repository/com/h2database/h2/1.0.73/h2-1.0.73.jar:/Users/nho/.m2/repository/xerces/xercesImpl/2.7.1/xercesImpl-2.7.1.jar:/Users/nho/.m2/repository/jaxen/jaxen/1.1/jaxen-1.1.jar:/Users/nho/.m2/repository/xom/xom/1.0/xom-1.0.jar:/Users/nho/.m2/repository/xerces/xmlParserAPIs/2.6.2/xmlParserAPIs-2.6.2.jar:/Users/nho/.m2/repository/xalan/xalan/2.6.0/xalan-2.6.0.jar:/Users/nho/.m2/repository/com/ibm/icu/icu4j/2.6.1/icu4j-2.6.1.jar:/Users/nho/.m2/repository/org/eclipse/osgi/3.2.1-R32x_v20060919/osgi-3.2.1-R32x_v20060919.jar:" name="surefire.test.class.path"/>
    <property value="/tmp" name="java.io.tmpdir"/>
    <property value="http://developer.apple.com/java/" name="java.vendor.url.bug"/>
    <property value="-Dfile.encoding=ISO-8859-1" name="env.MAVEN_OPTS"/>
    <property value="i386" name="os.arch"/>
    <property value="apple.awt.CGraphicsEnvironment" name="java.awt.graphicsenv"/>
    <property value="/Library/Java/Extensions:/System/Library/Java/Extensions:/System/Library/Frameworks/JavaVM.framework/Versions/1.5.0/Home/lib/ext" name="java.ext.dirs"/>
    <property value="/Users/nho/Documents/EDIT/cdmlib/cdmlib-services" name="user.dir"/>
    <property value="1040.1.5.0_13-241" name="mrj.version"/>
    <property value="
" name="line.separator"/>
    <property value="Java HotSpot(TM) Client VM" name="java.vm.name"/>
    <property value="/Users/nho/Documents/EDIT/cdmlib/cdmlib-services" name="basedir"/>
    <property value="ISO-8859-1" name="file.encoding"/>
    <property value="1.5" name="java.specification.version"/>
  </properties>
  <testcase classname="eu.etaxonomy.cdm.api.service.TermServiceImplTest" time="0.002" name="testSetDao"/>
  <testcase classname="eu.etaxonomy.cdm.api.service.TermServiceImplTest" time="0.002" name="testGetTermByUri">
    <skipped/>
  </testcase>
  <testcase classname="eu.etaxonomy.cdm.api.service.TermServiceImplTest" time="0.038" name="testGetTermByUuid"/>
  <testcase classname="eu.etaxonomy.cdm.api.service.TermServiceImplTest" time="0.039" name="testGetVocabularyUUID">
    <skipped/>
  </testcase>
  <testcase classname="eu.etaxonomy.cdm.api.service.TermServiceImplTest" time="0.039" name="testSetVocabularies">
    <skipped/>
  </testcase>
</testsuite>